<?xml version="1.0" encoding="UTF-8"?>
<!-- Generated by org.testng.reporters.JUnitXMLReporter -->
<testsuite ignored="0" hostname="CSPUPKASHYAP" failures="0" tests="5" name="OpenCart" time="14.034" errors="0" timestamp="2025-03-23T08:40:54 IST">
  <testcase classname="com.qa.opencart.tests.HomePageTest" name="homepageTitleTest" time="0.014"/>
  <testcase classname="com.qa.opencart.tests.HomePageTest" name="homepageurlTest" time="0.0"/>
  <testcase classname="com.qa.opencart.tests.HomePageTest" name="searchTest" time="0.907"/>
  <testcase classname="com.qa.opencart.tests.HomePageTest" name="searchTest" time="0.536"/>
  <testcase classname="com.qa.opencart.tests.HomePageTest" name="searchTest" time="0.35"/>
</testsuite> <!-- OpenCart -->
