<?xml version="1.0" encoding="UTF-8"?>
<!-- Generated by org.testng.reporters.JUnitXMLReporter -->
<testsuite ignored="0" hostname="CSPUPKASHYAP" failures="0" tests="5" name="Open Cart Home Page Test" time="15.57" errors="0" timestamp="2025-04-02T20:27:18 IST">
  <testcase classname="com.qa.opencart.tests.HomePageTest" name="homepageTitleTest" time="0.027"/>
  <testcase classname="com.qa.opencart.tests.HomePageTest" name="homepageurlTest" time="0.453"/>
  <testcase classname="com.qa.opencart.tests.HomePageTest" name="searchTest" time="0.582"/>
  <testcase classname="com.qa.opencart.tests.HomePageTest" name="searchTest" time="0.669"/>
  <testcase classname="com.qa.opencart.tests.HomePageTest" name="searchTest" time="0.959"/>
</testsuite> <!-- Open Cart Home Page Test -->
