<?xml version="1.0" encoding="UTF-8"?>
<!-- Generated by org.testng.reporters.JUnitXMLReporter -->
<testsuite ignored="0" hostname="CSPUPKASHYAP" failures="0" tests="3" name="Open Cart Login Page Test" time="13.769" errors="0" timestamp="2025-04-02T20:27:17 IST">
  <testcase classname="com.qa.opencart.tests.LoginPageTest" name="loginPageNavigation" time="0.354"/>
  <testcase classname="com.qa.opencart.tests.LoginPageTest" name="forgotLinkVisible" time="0.454"/>
  <testcase classname="com.qa.opencart.tests.LoginPageTest" name="appLoginTest" time="0.738"/>
</testsuite> <!-- Open Cart Login Page Test -->
