<?xml version="1.0" encoding="UTF-8"?>
<testng-results ignored="0" total="8" passed="8" failed="0" skipped="0">
  <reporter-output>
  </reporter-output>
  <suite started-at="2025-04-02T20:27:02 IST" name="Open Cart Test Regression PW Suite" finished-at="2025-04-02T20:27:18 IST" duration-ms="15570">
    <groups>
    </groups>
    <test started-at="2025-04-02T20:27:02 IST" name="Open Cart Login Page Test" finished-at="2025-04-02T20:27:16 IST" duration-ms="13769">
      <class name="com.qa.opencart.tests.LoginPageTest">
        <test-method is-config="true" signature="setup()[pri:0, instance:com.qa.opencart.tests.LoginPageTest@6ea2bc93]" started-at="2025-04-02T20:27:02 IST" name="setup" finished-at="2025-04-02T20:27:12 IST" duration-ms="9817" status="PASS">
          <reporter-output>
          </reporter-output>
        </test-method> <!-- setup -->
        <test-method signature="loginPageNavigation()[pri:1, instance:com.qa.opencart.tests.LoginPageTest@6ea2bc93]" started-at="2025-04-02T20:27:12 IST" name="loginPageNavigation" finished-at="2025-04-02T20:27:13 IST" duration-ms="354" status="PASS">
          <reporter-output>
          </reporter-output>
        </test-method> <!-- loginPageNavigation -->
        <test-method signature="forgotLinkVisible()[pri:2, instance:com.qa.opencart.tests.LoginPageTest@6ea2bc93]" started-at="2025-04-02T20:27:13 IST" name="forgotLinkVisible" finished-at="2025-04-02T20:27:14 IST" duration-ms="454" status="PASS">
          <reporter-output>
          </reporter-output>
        </test-method> <!-- forgotLinkVisible -->
        <test-method signature="appLoginTest()[pri:3, instance:com.qa.opencart.tests.LoginPageTest@6ea2bc93]" started-at="2025-04-02T20:27:14 IST" name="appLoginTest" finished-at="2025-04-02T20:27:15 IST" duration-ms="738" status="PASS">
          <reporter-output>
          </reporter-output>
        </test-method> <!-- appLoginTest -->
        <test-method is-config="true" signature="teardown()[pri:0, instance:com.qa.opencart.tests.LoginPageTest@6ea2bc93]" started-at="2025-04-02T20:27:16 IST" name="teardown" finished-at="2025-04-02T20:27:16 IST" duration-ms="593" status="PASS">
          <reporter-output>
          </reporter-output>
        </test-method> <!-- teardown -->
      </class> <!-- com.qa.opencart.tests.LoginPageTest -->
    </test> <!-- Open Cart Login Page Test -->
    <test started-at="2025-04-02T20:27:02 IST" name="Open Cart Home Page Test" finished-at="2025-04-02T20:27:18 IST" duration-ms="15570">
      <class name="com.qa.opencart.tests.HomePageTest">
        <test-method is-config="true" signature="setup()[pri:0, instance:com.qa.opencart.tests.HomePageTest@dc9876b]" started-at="2025-04-02T20:27:02 IST" name="setup" finished-at="2025-04-02T20:27:12 IST" duration-ms="9817" status="PASS">
          <reporter-output>
          </reporter-output>
        </test-method> <!-- setup -->
        <test-method signature="homepageTitleTest()[pri:0, instance:com.qa.opencart.tests.HomePageTest@dc9876b]" started-at="2025-04-02T20:27:12 IST" name="homepageTitleTest" finished-at="2025-04-02T20:27:12 IST" duration-ms="27" status="PASS">
          <reporter-output>
          </reporter-output>
        </test-method> <!-- homepageTitleTest -->
        <test-method signature="homepageurlTest()[pri:0, instance:com.qa.opencart.tests.HomePageTest@dc9876b]" started-at="2025-04-02T20:27:13 IST" name="homepageurlTest" finished-at="2025-04-02T20:27:13 IST" duration-ms="453" status="PASS">
          <reporter-output>
          </reporter-output>
        </test-method> <!-- homepageurlTest -->
        <test-method signature="searchTest(java.lang.String)[pri:0, instance:com.qa.opencart.tests.HomePageTest@dc9876b]" started-at="2025-04-02T20:27:14 IST" name="searchTest" data-provider="getProductData" finished-at="2025-04-02T20:27:14 IST" duration-ms="582" status="PASS">
          <params>
            <param index="0">
              <value>
                <![CDATA[Macbook]]>
              </value>
            </param>
          </params>
          <reporter-output>
          </reporter-output>
        </test-method> <!-- searchTest -->
        <test-method signature="searchTest(java.lang.String)[pri:0, instance:com.qa.opencart.tests.HomePageTest@dc9876b]" started-at="2025-04-02T20:27:15 IST" name="searchTest" data-provider="getProductData" finished-at="2025-04-02T20:27:16 IST" duration-ms="669" status="PASS">
          <params>
            <param index="0">
              <value>
                <![CDATA[iMac]]>
              </value>
            </param>
          </params>
          <reporter-output>
          </reporter-output>
        </test-method> <!-- searchTest -->
        <test-method signature="searchTest(java.lang.String)[pri:0, instance:com.qa.opencart.tests.HomePageTest@dc9876b]" started-at="2025-04-02T20:27:16 IST" name="searchTest" data-provider="getProductData" finished-at="2025-04-02T20:27:17 IST" duration-ms="959" status="PASS">
          <params>
            <param index="0">
              <value>
                <![CDATA[Samsung]]>
              </value>
            </param>
          </params>
          <reporter-output>
          </reporter-output>
        </test-method> <!-- searchTest -->
        <test-method is-config="true" signature="teardown()[pri:0, instance:com.qa.opencart.tests.HomePageTest@dc9876b]" started-at="2025-04-02T20:27:17 IST" name="teardown" finished-at="2025-04-02T20:27:18 IST" duration-ms="459" status="PASS">
          <reporter-output>
          </reporter-output>
        </test-method> <!-- teardown -->
      </class> <!-- com.qa.opencart.tests.HomePageTest -->
    </test> <!-- Open Cart Home Page Test -->
  </suite> <!-- Open Cart Test Regression PW Suite -->
</testng-results>
